<?xml version="1.0" encoding="UTF-8"?>
<testsuite xmlns:xsi="http://www.w3.org/2001/XMLSchema-instance" xsi:noNamespaceSchemaLocation="https://maven.apache.org/surefire/maven-surefire-plugin/xsd/surefire-test-report.xsd" version="3.0.2" name="com.laboratorio4.ati2microservicio.ati2microservicioEurekaServerApplicationTests" time="4.819" tests="1" errors="0" skipped="0" failures="0">
  <properties>
[...]
</properties>
  <testcase name="contextLoads" classname="com.laboratorio4.ati2microservicio.ati2microservicioEurekaServerApplicationTests" time="0.559">
    <system-out><![CDATA[16:09:14.313 [main] INFO org.springframework.test.context.support.AnnotationConfigContextLoaderUtils -- Could not detect default configuration classes for test class [com.laboratorio4.ati2microservicio.ati2microservicioEurekaServerApplicationTests]: ati2microservicioEurekaServerApplicationTests does not declare any static, non-private, non-final, nested classes annotated with @Configuration.
16:09:14.396 [main] INFO org.springframework.boot.test.context.SpringBootTestContextBootstrapper -- Found @SpringBootConfiguration com.laboratorio4.ati2microservicio.ati2microservicioEurekaServerApplication for test class com.laboratorio4.ati2microservicio.ati2microservicioEurekaServerApplicationTests

  .   ____          _            __ _ _
 /\\ / ___'_ __ _ _(_)_ __  __ _ \ \ \ \
( ( )\___ | '_ | '_| | '_ \/ _` | \ \ \ \
 \\/  ___)| |_)| | | | | || (_| |  ) ) ) )
  '  |____| .__|_| |_|_| |_\__, | / / / /
 =========|_|==============|___/=/_/_/_/

 :: Spring Boot ::                (v4.0.0)

2025-11-30T16:09:15.161-04:00  INFO 16504 --- [reto09-eureka] [           main] icroservicioEurekaServerApplicationTests : Starting ati2microservicioEurekaServerApplicationTests using Java 17.0.12 with PID 16504 (started by Delta in C:\Users\Admin\IdeaProjects\ATI2-2024-02-poc\RETO09\ATI2-2025-18443368-RETO09)
2025-11-30T16:09:15.162-04:00  INFO 16504 --- [reto09-eureka] [           main] icroservicioEurekaServerApplicationTests : No active profile set, falling back to 1 default profile: "default"
2025-11-30T16:09:16.103-04:00  INFO 16504 --- [reto09-eureka] [           main] o.s.cloud.context.scope.GenericScope     : BeanFactory id=e5093047-b868-38aa-9a92-f3696ed58664
2025-11-30T16:09:16.498-04:00  INFO 16504 --- [reto09-eureka] [           main] o.s.v.b.OptionalValidatorFactoryBean     : Failed to set up a Bean Validation provider: jakarta.validation.NoProviderFoundException: Unable to create a Configuration, because no Jakarta Validation provider could be found. Add a provider like Hibernate Validator (RI) to your classpath.
2025-11-30T16:09:17.625-04:00  WARN 16504 --- [reto09-eureka] [           main] iguration$LoadBalancerCaffeineWarnLogger : Spring Cloud LoadBalancer is currently working with the default cache. While this cache implementation is useful for development and tests, it's recommended to use Caffeine cache in production.You can switch to using Caffeine cache, by adding it and org.springframework.cache.caffeine.CaffeineCacheManager to the classpath.
2025-11-30T16:09:17.857-04:00  INFO 16504 --- [reto09-eureka] [           main] o.s.c.n.eureka.InstanceInfoFactory       : Setting initial instance status as: STARTING
2025-11-30T16:09:17.888-04:00  INFO 16504 --- [reto09-eureka] [           main] com.netflix.discovery.DiscoveryClient    : Initializing Eureka in region us-east-1
2025-11-30T16:09:17.888-04:00  INFO 16504 --- [reto09-eureka] [           main] com.netflix.discovery.DiscoveryClient    : Client configured to neither register nor query for data.
2025-11-30T16:09:17.891-04:00  INFO 16504 --- [reto09-eureka] [           main] com.netflix.discovery.DiscoveryClient    : Discovery Client initialized at timestamp 1764533357889 with initial instances count: 0
2025-11-30T16:09:17.943-04:00  INFO 16504 --- [reto09-eureka] [           main] c.n.eureka.DefaultEurekaServerContext    : Initializing ...
2025-11-30T16:09:17.945-04:00  INFO 16504 --- [reto09-eureka] [           main] c.n.eureka.cluster.PeerEurekaNodes       : Adding new peer nodes [http://localhost:8761/eureka/]
2025-11-30T16:09:18.121-04:00  INFO 16504 --- [reto09-eureka] [           main] c.n.d.provider.DiscoveryJerseyProvider   : Using JSON encoding codec LegacyJacksonJson
2025-11-30T16:09:18.123-04:00  INFO 16504 --- [reto09-eureka] [           main] c.n.d.provider.DiscoveryJerseyProvider   : Using JSON decoding codec LegacyJacksonJson
2025-11-30T16:09:18.123-04:00  INFO 16504 --- [reto09-eureka] [           main] c.n.d.provider.DiscoveryJerseyProvider   : Using XML encoding codec XStreamXml
2025-11-30T16:09:18.123-04:00  INFO 16504 --- [reto09-eureka] [           main] c.n.d.provider.DiscoveryJerseyProvider   : Using XML decoding codec XStreamXml
2025-11-30T16:09:18.179-04:00  INFO 16504 --- [reto09-eureka] [           main] c.n.eureka.cluster.PeerEurekaNodes       : Replica node URL:  http://localhost:8761/eureka/
2025-11-30T16:09:18.184-04:00  INFO 16504 --- [reto09-eureka] [           main] c.n.e.registry.AbstractInstanceRegistry  : Finished initializing remote region registries. All known remote regions: []
2025-11-30T16:09:18.184-04:00  INFO 16504 --- [reto09-eureka] [           main] c.n.eureka.DefaultEurekaServerContext    : Initialized
2025-11-30T16:09:18.269-04:00  INFO 16504 --- [reto09-eureka] [           main] o.s.b.a.e.web.EndpointLinksResolver      : Exposing 1 endpoint beneath base path '/actuator'
2025-11-30T16:09:18.325-04:00  INFO 16504 --- [reto09-eureka] [           main] o.s.c.n.e.s.EurekaServiceRegistry        : Registering application RETO09-EUREKA with eureka with status UP
2025-11-30T16:09:18.339-04:00  INFO 16504 --- [reto09-eureka] [           main] icroservicioEurekaServerApplicationTests : Started ati2microservicioEurekaServerApplicationTests in 3.678 seconds (process running for 4.81)
2025-11-30T16:09:18.339-04:00  INFO 16504 --- [reto09-eureka] [      Thread-10] o.s.c.n.e.server.EurekaServerBootstrap   : isAws returned false
2025-11-30T16:09:18.340-04:00  INFO 16504 --- [reto09-eureka] [      Thread-10] o.s.c.n.e.server.EurekaServerBootstrap   : Initialized server context
2025-11-30T16:09:18.340-04:00  INFO 16504 --- [reto09-eureka] [      Thread-10] c.n.e.r.PeerAwareInstanceRegistryImpl    : Got 1 instances from neighboring DS node
2025-11-30T16:09:18.340-04:00  INFO 16504 --- [reto09-eureka] [      Thread-10] c.n.e.r.PeerAwareInstanceRegistryImpl    : Renew threshold is: 1
2025-11-30T16:09:18.340-04:00  INFO 16504 --- [reto09-eureka] [      Thread-10] c.n.e.r.PeerAwareInstanceRegistryImpl    : Changing status to UP
2025-11-30T16:09:18.343-04:00  INFO 16504 --- [reto09-eureka] [      Thread-10] e.s.EurekaServerInitializerConfiguration : Started Eureka Server
]]></system-out>
  </testcase>
</testsuite>